2024-10-19 12:06:39,047 - INFO - Successfully downloaded: https://soundcloud.com/jahseh-onfroy/criminal?utm_source=clipboard&utm_medium=text&utm_campaign=social_sharing as /Users/mattporteous/soundcloud/downloaded_track.mp3.mp3
2024-10-19 12:08:29,245 - INFO - Successfully downloaded: https://soundcloud.com/jahseh-onfroy/criminal?utm_source=clipboard&utm_medium=text&utm_campaign=social_sharing as /Users/mattporteous/soundcloud/downloaded_track.mp3.mp3
2024-10-19 12:09:45,894 - INFO - Successfully downloaded: https://soundcloud.com/jahseh-onfroy/criminal?utm_source=clipboard&utm_medium=text&utm_campaign=social_sharing as /Users/mattporteous/soundcloud/downloaded_track.mp3.mp3
2024-10-19 12:12:52,586 - INFO - Successfully downloaded: https://soundcloud.com/octobersveryown/circadian-rhythm?si=96d7650035e44c7e9161618f7463e7a7&utm_source=clipboard&utm_medium=text&utm_campaign=social_sharing as /Users/mattporteous/soundcloud/downloaded_track.mp3.mp3
2024-10-19 12:14:28,468 - INFO - Successfully downloaded: https://soundcloud.com/octobersveryown/drake-family-matters?si=4c8841a398b7442baef7cc80e7efd118&utm_source=clipboard&utm_medium=text&utm_campaign=social_sharing as /Users/mattporteous/soundcloud/downloaded_track.mp3.mp3
2024-10-19 12:16:12,963 - INFO - Successfully downloaded: https://soundcloud.com/21savage/21-savage-redrum?si=d22cc883db2a40a49d7a450a8bda4cce&utm_source=clipboard&utm_medium=text&utm_campaign=social_sharing as /Users/mattporteous/soundcloud/downloaded_track.mp3.mp3
2024-10-19 12:20:20,089 - INFO - Successfully downloaded: https://soundcloud.com/21savage/a-lot?si=410d4323e7884d018d031438b5af525c&utm_source=clipboard&utm_medium=text&utm_campaign=social_sharing as /Users/mattporteous/soundcloud/downloaded_track.mp3.mp3
2024-10-19 12:20:59,461 - ERROR - DownloadError: [0;31mERROR:[0m [generic] '/usr/local/bin/python3 /Users/mattporteous/soundcloud/main.py' is not a valid URL. Set --default-search "ytsearch" (or run  yt-dlp "ytsearch:/usr/local/bin/python3 /Users/mattporteous/soundcloud/main.py" ) to search YouTube
2024-10-19 12:21:15,571 - INFO - Successfully downloaded: https://soundcloud.com/21savage/a-lot?si=410d4323e7884d018d031438b5af525c&utm_source=clipboard&utm_medium=text&utm_campaign=social_sharing as /Users/mattporteous/soundcloud/downloaded_track.mp3.mp3
2024-10-19 12:22:10,521 - INFO - Successfully downloaded: https://soundcloud.com/21savage/a-lot?si=5125ee4c316f418badb6f7fa1507d19b&utm_source=clipboard&utm_medium=text&utm_campaign=social_sharing as /Users/mattporteous/soundcloud/downloaded_track.mp3.mp3
2024-10-19 13:02:31,406 - INFO - Successfully downloaded: https://soundcloud.com/bladee1000/reality-surf?si=bd1e11d94b684c9ba6042986739319ae&utm_source=clipboard&utm_medium=text&utm_campaign=social_sharing as /Users/mattporteous/soundcloud/downloaded_track.mp3.mp3
2024-10-19 13:47:43,437 - INFO - Successfully downloaded: https://soundcloud.com/bladee1000/4-34-edit?si=bdcf16ee0c934f1eb62dd507c073f54e&utm_source=clipboard&utm_medium=text&utm_campaign=social_sharing as /Users/mattporteous/soundcloud/downloaded_track.mp3
2024-10-19 13:47:43,437 - ERROR - Unexpected error: [Errno 2] No such file or directory: '/Users/mattporteous/soundcloud/downloaded_track.mp3'
2024-10-19 13:48:36,274 - INFO - Successfully downloaded: https://soundcloud.com/bladee1000/4-34-edit?si=bdcf16ee0c934f1eb62dd507c073f54e&utm_source=clipboard&utm_medium=text&utm_campaign=social_sharing as /Users/mattporteous/soundcloud/downloaded_track.mp3
2024-10-19 14:00:04,404 - INFO - Successfully downloaded: https://soundcloud.com/simonpvo/acdc-highway-to-hell?si=ca0fe2ab9fd44b128ce895db12e51d5e&utm_source=clipboard&utm_medium=text&utm_campaign=social_sharing as /Users/mattporteous/soundcloud/downloaded_track.mp3
2024-10-19 14:00:49,449 - INFO - Successfully downloaded: https://soundcloud.com/simonpvo/acdc-highway-to-hell?si=ca0fe2ab9fd44b128ce895db12e51d5e&utm_source=clipboard&utm_medium=text&utm_campaign=social_sharing as /Users/mattporteous/soundcloud/downloaded_track.mp3
2024-10-19 14:01:50,249 - INFO - Successfully downloaded: https://soundcloud.com/octobersveryown/drake-wants-and-needs-feat-lil?si=616fa64aa67e47b383581396358aff76&utm_source=clipboard&utm_medium=text&utm_campaign=social_sharing as /Users/mattporteous/soundcloud/downloaded_track.mp3
2024-10-19 14:02:56,169 - INFO - Successfully downloaded: https://soundcloud.com/lore-perez/ac-dc-highway-to-hell?si=fef917fad9954d158369ac3242776e20&utm_source=clipboard&utm_medium=text&utm_campaign=social_sharing as /Users/mattporteous/soundcloud/downloaded_track.mp3
2024-10-19 14:03:14,312 - INFO - Successfully downloaded: https://soundcloud.com/acdcofficial/highway-to-hell?si=4b72c1b242df4541981853b8cf21b16e&utm_source=clipboard&utm_medium=text&utm_campaign=social_sharing as /Users/mattporteous/soundcloud/downloaded_track.mp3
2024-10-19 14:03:57,853 - INFO - Successfully downloaded: https://soundcloud.com/acdcofficial/highway-to-hell?si=4b72c1b242df4541981853b8cf21b16e&utm_source=clipboard&utm_medium=text&utm_campaign=social_sharing as /Users/mattporteous/soundcloud/downloaded_track.mp3
2024-10-19 14:06:13,111 - INFO - Successfully downloaded: https://soundcloud.com/acdcofficial/highway-to-hell?si=82ddd9a8e8e14f768d510eee649690d0&utm_source=clipboard&utm_medium=text&utm_campaign=social_sharing as /Users/mattporteous/soundcloud/downloaded_track.mp3
